#0 building with "desktop-linux" instance using docker driver

#1 [internal] load build definition from Dockerfile
#1 transferring dockerfile: 1.68kB 0.0s done
#1 DONE 0.0s

#2 resolve image config for docker-image://docker.io/docker/dockerfile:1.7
#2 ...

#3 [auth] docker/dockerfile:pull token for registry-1.docker.io
#3 DONE 0.0s

#2 resolve image config for docker-image://docker.io/docker/dockerfile:1.7
#2 DONE 1.8s

#4 docker-image://docker.io/docker/dockerfile:1.7@sha256:a57df69d0ea827fb7266491f2813635de6f17269be881f696fbfdf2d83dda33e
#4 resolve docker.io/docker/dockerfile:1.7@sha256:a57df69d0ea827fb7266491f2813635de6f17269be881f696fbfdf2d83dda33e 0.0s done
#4 CACHED

#5 [internal] load metadata for docker.io/library/eclipse-temurin:17-jdk-jammy
#5 ...

#6 [auth] library/eclipse-temurin:pull token for registry-1.docker.io
#6 DONE 0.0s

#7 [internal] load metadata for docker.io/library/eclipse-temurin:17-jre-jammy
#7 DONE 1.6s

#5 [internal] load metadata for docker.io/library/eclipse-temurin:17-jdk-jammy
#5 DONE 1.6s

#8 [internal] load .dockerignore
#8 transferring context: 267B 0.0s done
#8 DONE 0.0s

#9 [runtime 1/4] FROM docker.io/library/eclipse-temurin:17-jre-jammy@sha256:47c73dc23524b031bed0a5030410c722af6a8b49d4b25898ea8f4615895065f0
#9 resolve docker.io/library/eclipse-temurin:17-jre-jammy@sha256:47c73dc23524b031bed0a5030410c722af6a8b49d4b25898ea8f4615895065f0 0.0s done
#9 DONE 0.1s

#10 [runtime 2/4] WORKDIR /app
#10 CACHED

#11 [build 1/7] FROM docker.io/library/eclipse-temurin:17-jdk-jammy@sha256:beabb759e6f9653c843958d1d1f5cecb881dfb85aa6081e2bef099ab1260344e
#11 resolve docker.io/library/eclipse-temurin:17-jdk-jammy@sha256:beabb759e6f9653c843958d1d1f5cecb881dfb85aa6081e2bef099ab1260344e 0.0s done
#11 DONE 0.1s

#12 [internal] load build context
#12 transferring context: 10.75kB 0.0s done
#12 DONE 0.0s

#13 [runtime 3/4] RUN apt-get update     && apt-get install -y --no-install-recommends curl ca-certificates     && rm -rf /var/lib/apt/lists/*     && groupadd --system appuser     && useradd --system --gid appuser --home-dir /app --shell /usr/sbin/nologin appuser
#13 ...

#14 [build 2/7] WORKDIR /workspace
#14 CACHED

#15 [build 3/7] COPY .mvn/ .mvn/
#15 CACHED

#16 [build 4/7] COPY mvnw pom.xml ./
#16 CACHED

#17 [build 5/7] RUN chmod +x ./mvnw && ./mvnw -B "-DskipTests" "-Dcheckstyle.skip=true" dependency:go-offline
#17 CACHED

#18 [build 6/7] COPY src/ src/
#18 CACHED

#19 [build 7/7] RUN ./mvnw -B "-DskipTests" "-Dcheckstyle.skip=true" package
#19 CACHED

#13 [runtime 3/4] RUN apt-get update     && apt-get install -y --no-install-recommends curl ca-certificates     && rm -rf /var/lib/apt/lists/*     && groupadd --system appuser     && useradd --system --gid appuser --home-dir /app --shell /usr/sbin/nologin appuser
#13 0.764 Get:1 http://archive.ubuntu.com/ubuntu jammy InRelease [270 kB]
#13 0.764 Get:2 http://security.ubuntu.com/ubuntu jammy-security InRelease [129 kB]
#13 0.991 Get:3 http://security.ubuntu.com/ubuntu jammy-security/universe amd64 Packages [1,295 kB]
#13 1.151 Get:4 http://archive.ubuntu.com/ubuntu jammy-updates InRelease [128 kB]
#13 1.254 Get:5 http://security.ubuntu.com/ubuntu jammy-security/multiverse amd64 Packages [77.8 kB]
#13 1.264 Get:6 http://security.ubuntu.com/ubuntu jammy-security/restricted amd64 Packages [7,070 kB]
#13 1.402 Get:7 http://archive.ubuntu.com/ubuntu jammy-backports InRelease [127 kB]
#13 1.513 Get:8 http://archive.ubuntu.com/ubuntu jammy/universe amd64 Packages [17.5 MB]
#13 2.588 Get:9 http://security.ubuntu.com/ubuntu jammy-security/main amd64 Packages [3,945 kB]
#13 5.334 Get:10 http://archive.ubuntu.com/ubuntu jammy/multiverse amd64 Packages [266 kB]
#13 5.373 Get:11 http://archive.ubuntu.com/ubuntu jammy/main amd64 Packages [1,792 kB]
#13 5.584 Get:12 http://archive.ubuntu.com/ubuntu jammy/restricted amd64 Packages [164 kB]
#13 5.597 Get:13 http://archive.ubuntu.com/ubuntu jammy-updates/universe amd64 Packages [1,603 kB]
#13 5.758 Get:14 http://archive.ubuntu.com/ubuntu jammy-updates/main amd64 Packages [4,294 kB]
#13 6.126 Get:15 http://archive.ubuntu.com/ubuntu jammy-updates/restricted amd64 Packages [7,355 kB]
#13 6.919 Get:16 http://archive.ubuntu.com/ubuntu jammy-updates/multiverse amd64 Packages [86.4 kB]
#13 6.925 Get:17 http://archive.ubuntu.com/ubuntu jammy-backports/main amd64 Packages [82.8 kB]
#13 6.963 Get:18 http://archive.ubuntu.com/ubuntu jammy-backports/universe amd64 Packages [35.6 kB]
#13 7.391 Fetched 46.2 MB in 7s (6,636 kB/s)
#13 7.391 Reading package lists...
#13 8.895 Reading package lists...
#13 10.37 Building dependency tree...
#13 10.63 Reading state information...
#13 10.99 ca-certificates is already the newest version (20240203~22.04.1).
#13 10.99 curl is already the newest version (7.81.0-1ubuntu1.24).
#13 10.99 0 upgraded, 0 newly installed, 0 to remove and 1 not upgraded.
#13 DONE 11.1s

#20 [runtime 4/4] COPY --from=build --chown=appuser:appuser /workspace/target/*.jar /app/app.jar
#20 DONE 0.5s

#21 exporting to image
#21 exporting layers
#21 exporting layers 4.3s done
#21 exporting manifest sha256:1662b0c04b79cc9829acbfc94f4fad3210ede7b7fd789229017e37c57e168dda 0.0s done
#21 exporting config sha256:9e656cf1686835397bb65b6df12aa3de43e292de1b85a0533f2b4b141f718a10 0.0s done
#21 exporting attestation manifest sha256:701ab6bcc459ca4d5f6422439a636ca15c1d00a3a044f9d6967f5d460f2e42ee
#21 exporting attestation manifest sha256:701ab6bcc459ca4d5f6422439a636ca15c1d00a3a044f9d6967f5d460f2e42ee 0.1s done
#21 exporting manifest list sha256:9ee0afc1730fb402e28ac1bcfce5268a2e4686ade4ef1a1a0fc623a2e1bdf8ec 0.0s done
#21 naming to docker.io/library/petclinic:eae4415 done
#21 unpacking to docker.io/library/petclinic:eae4415
#21 unpacking to docker.io/library/petclinic:eae4415 0.8s done
#21 naming to docker.io/library/petclinic:module5-local done
#21 unpacking to docker.io/library/petclinic:module5-local 0.0s done
#21 DONE 5.5s

View build details: docker-desktop://dashboard/build/desktop-linux/desktop-linux/w9d0sk51soywpztububhwcr4c
