[INFO] Scanning for projects...
[INFO]
[INFO] ------------< org.springframework.samples:spring-petclinic >------------
[INFO] Building petclinic 4.0.0-SNAPSHOT
[INFO]   from pom.xml
[INFO] --------------------------------[ jar ]---------------------------------
[INFO]
[INFO] >>> spring-boot:4.0.3:run (default-cli) > test-compile @ spring-petclinic >>>
[INFO]
[INFO] --- enforcer:3.6.2:enforce (enforce-java) @ spring-petclinic ---
[INFO] Rule 0: org.apache.maven.enforcer.rules.version.RequireJavaVersion passed
[INFO]
[INFO] --- spring-javaformat:0.0.47:validate (default) @ spring-petclinic ---
[INFO]
[INFO] --- checkstyle:3.6.0:check (nohttp-checkstyle-validation) @ spring-petclinic ---
[INFO]
[INFO] --- jacoco:0.8.14:prepare-agent (default) @ spring-petclinic ---
[INFO] argLine set to -javaagent:C:\\Users\\ravik\\.m2\\repository\\org\\jacoco\\org.jacoco.agent\\0.8.14\\org.jacoco.agent-0.8.14-runtime.jar=destfile=E:\\spring-petclinic\\target\\jacoco.exec
[INFO]
[INFO] --- git-commit-id:9.0.2:revision (default) @ spring-petclinic ---
[INFO] dotGitDirectory 'E:\spring-petclinic\.git'
[INFO] Collected git.build.user.name with value ravik
[INFO] Collected git.build.user.email with value ravik.kotapati@gmail.com
[INFO] Collected git.branch with value module10-app-configuration-modernization
[INFO] Collected git.commit.id.describe with value c6b0cad-dirty
[INFO] Collected git.commit.id.describe-short with value c6b0cad-dirty
[INFO] Collected git.commit.id with value c6b0cad885ef558ea703663179923a77c25eadb8
[INFO] Collected git.commit.id.abbrev with value c6b0cad
[INFO] Collected git.dirty with value true
[INFO] Collected git.commit.user.name with value ravik
[INFO] Collected git.commit.user.email with value ravik.kotapati@gmail.com
[INFO] Collected git.commit.message.full with value Add Module 9 network dependency design
[INFO] Collected git.commit.message.short with value Add Module 9 network dependency design
[INFO] Collected git.commit.time with value 2026-05-22T19:36:10+08:00
[INFO] Collected git.commit.author.time with value 2026-05-22T19:36:10+08:00
[INFO] Collected git.commit.committer.time with value 2026-05-22T19:36:10+08:00
[INFO] Collected git.remote.origin.url with value https://github.com/ravikumarkotapati/spring-petclinic
[INFO] Collected git.tags with value
[INFO] Collected git.tag with value
[INFO] Collected git.closest.tag.name with value
[INFO] Collected git.closest.tag.commit.count with value
[INFO] Collected git.total.commit.count with value 1061
[INFO] Collected git.local.branch.ahead with value NO_REMOTE
[INFO] Collected git.local.branch.behind with value NO_REMOTE
[INFO] Collected git.build.time with value 2024-11-28T22:37:52+08:00
[INFO] Collected git.build.version with value 4.0.0-SNAPSHOT
[INFO] Collected git.build.host with value HOME-PC
[INFO] including property 'git.tags' in results
[INFO] including property 'git.build.version' in results
[INFO] including property 'git.branch' in results
[INFO] including property 'git.build.host' in results
[INFO] including property 'git.commit.id' in results
[INFO] including property 'git.commit.user.email' in results
[INFO] including property 'git.local.branch.behind' in results
[INFO] including property 'git.commit.author.time' in results
[INFO] including property 'git.build.user.name' in results
[INFO] including property 'git.dirty' in results
[INFO] including property 'git.closest.tag.commit.count' in results
[INFO] including property 'git.commit.user.name' in results
[INFO] including property 'git.commit.id.abbrev' in results
[INFO] including property 'git.commit.id.describe-short' in results
[INFO] including property 'git.total.commit.count' in results
[INFO] including property 'git.commit.id.describe' in results
[INFO] including property 'git.build.user.email' in results
[INFO] including property 'git.commit.message.short' in results
[INFO] including property 'git.commit.committer.time' in results
[INFO] including property 'git.tag' in results
[INFO] including property 'git.closest.tag.name' in results
[INFO] including property 'git.local.branch.ahead' in results
[INFO] including property 'git.commit.time' in results
[INFO] including property 'git.build.time' in results
[INFO] including property 'git.commit.message.full' in results
[INFO] including property 'git.remote.origin.url' in results
[INFO] Reading existing properties file [E:\spring-petclinic\target\classes\git.properties] (for project petclinic)...
[INFO] Properties file [E:\spring-petclinic\target\classes\git.properties] is up-to-date (for module petclinic)...
[INFO]
[INFO] --- spring-boot:4.0.3:build-info (default) @ spring-petclinic ---
[INFO]
[INFO] --- cyclonedx:2.9.1:makeAggregateBom (default) @ spring-petclinic ---
[INFO] CycloneDX: Resolving Dependencies
[INFO] CycloneDX: Creating BOM version 1.6 with 108 component(s)
[INFO] CycloneDX: Writing and validating BOM (JSON): E:\spring-petclinic\target\classes\META-INF\sbom\application.cdx.json
[WARNING] Unknown keyword meta:enum - you should define your own Meta Schema. If the keyword is irrelevant for validation, just use a NonValidationKeyword or if it should generate annotations AnnotationKeyword
[WARNING] Unknown keyword deprecated - you should define your own Meta Schema. If the keyword is irrelevant for validation, just use a NonValidationKeyword or if it should generate annotations AnnotationKeyword
[INFO]            attaching as spring-petclinic-4.0.0-SNAPSHOT-cyclonedx.json
[INFO]
[INFO] --- resources:3.3.1:resources (default-resources) @ spring-petclinic ---
[INFO] Copying 4 resources from src\main\resources to target\classes
[INFO] Copying 45 resources from src\main\resources to target\classes
[INFO]
[INFO] --- compiler:3.14.1:compile (default-compile) @ spring-petclinic ---
[INFO] Nothing to compile - all classes are up to date.
[INFO]
[INFO] --- resources:3.3.1:testResources (default-testResources) @ spring-petclinic ---
[INFO] skip non existing resourceDirectory E:\spring-petclinic\src\test\resources
[INFO]
[INFO] --- compiler:3.14.1:testCompile (default-testCompile) @ spring-petclinic ---
[INFO] Nothing to compile - all classes are up to date.
[INFO]
[INFO] <<< spring-boot:4.0.3:run (default-cli) < test-compile @ spring-petclinic <<<
[INFO]
[INFO]
[INFO] --- spring-boot:4.0.3:run (default-cli) @ spring-petclinic ---
[INFO] Attaching agents: []


              |\      _,,,--,,_
             /,`.-'`'   ._  \-;;,_
  _______ __|,4-  ) )_   .;.(__`'-'__     ___ __    _ ___ _______
 |       | '---''(_/._)-'(_\_)   |   |   |   |  |  | |   |       |
 |    _  |    ___|_     _|       |   |   |   |   |_| |   |       | __ _ _
 |   |_| |   |___  |   | |       |   |   |   |       |   |       | \ \ \ \
 |    ___|    ___| |   | |      _|   |___|   |  _    |   |      _|  \ \ \ \
 |   |   |   |___  |   | |     |_|       |   | | |   |   |     |_    ) ) ) )
 |___|   |_______| |___| |_______|_______|___|_|  |__|___|_______|  / / / /
 ==================================================================/_/_/_/

:: Built with Spring Boot :: 4.0.3


2026-05-22T20:11:37.855+08:00  INFO 20968 --- [  restartedMain] o.s.s.petclinic.PetClinicApplication     : Starting PetClinicApplication using Java 17.0.3 with PID 20968 (E:\spring-petclinic\target\classes started by ravik in E:\spring-petclinic)
2026-05-22T20:11:37.888+08:00  INFO 20968 --- [  restartedMain] o.s.s.petclinic.PetClinicApplication     : The following 1 profile is active: "azure"
2026-05-22T20:11:37.959+08:00  INFO 20968 --- [  restartedMain] .e.DevToolsPropertyDefaultsPostProcessor : Devtools property defaults active! Set 'spring.devtools.add-properties' to 'false' to disable
2026-05-22T20:11:37.961+08:00  INFO 20968 --- [  restartedMain] .e.DevToolsPropertyDefaultsPostProcessor : For additional web related logging consider setting the 'logging.level.web' property to 'DEBUG'
2026-05-22T20:11:38.903+08:00  INFO 20968 --- [  restartedMain] .s.d.r.c.RepositoryConfigurationDelegate : Bootstrapping Spring Data JPA repositories in DEFAULT mode.
2026-05-22T20:11:38.994+08:00  INFO 20968 --- [  restartedMain] .s.d.r.c.RepositoryConfigurationDelegate : Finished Spring Data repository scanning in 73 ms. Found 3 JPA repository interfaces.
2026-05-22T20:11:39.756+08:00  INFO 20968 --- [  restartedMain] o.s.boot.tomcat.TomcatWebServer          : Tomcat initialized with port 8091 (http)
2026-05-22T20:11:39.773+08:00  INFO 20968 --- [  restartedMain] o.apache.catalina.core.StandardService   : Starting service [Tomcat]
2026-05-22T20:11:39.870+08:00  INFO 20968 --- [  restartedMain] o.apache.catalina.core.StandardEngine    : Starting Servlet engine: [Apache Tomcat/11.0.18]
2026-05-22T20:11:39.973+08:00  INFO 20968 --- [  restartedMain] b.w.c.s.WebApplicationContextInitializer : Root WebApplicationContext: initialization completed in 2008 ms
2026-05-22T20:11:40.186+08:00  INFO 20968 --- [  restartedMain] com.zaxxer.hikari.HikariDataSource       : HikariPool-1 - Starting...
2026-05-22T20:11:40.447+08:00  INFO 20968 --- [  restartedMain] com.zaxxer.hikari.pool.HikariPool        : HikariPool-1 - Added connection conn0: url=jdbc:h2:mem:34ceaf95-efba-4aa9-becc-526ee872fe29 user=SA
2026-05-22T20:11:40.514+08:00  INFO 20968 --- [  restartedMain] com.zaxxer.hikari.HikariDataSource       : HikariPool-1 - Start completed.
2026-05-22T20:11:40.693+08:00  INFO 20968 --- [  restartedMain] org.hibernate.orm.jpa                    : HHH008540: Processing PersistenceUnitInfo [name: default]
2026-05-22T20:11:40.752+08:00  INFO 20968 --- [  restartedMain] org.hibernate.orm.core                   : HHH000001: Hibernate ORM core version 7.2.4.Final
2026-05-22T20:11:41.240+08:00  INFO 20968 --- [  restartedMain] o.s.o.j.p.SpringPersistenceUnitInfo      : No LoadTimeWeaver setup: ignoring JPA class transformer
2026-05-22T20:11:41.330+08:00  INFO 20968 --- [  restartedMain] org.hibernate.orm.connections.pooling    : HHH10001005: Database info:
	Database JDBC URL [jdbc:h2:mem:34ceaf95-efba-4aa9-becc-526ee872fe29]
	Database driver: H2 JDBC Driver
	Database dialect: H2Dialect
	Database version: 2.4.240
	Default catalog/schema: 34CEAF95-EFBA-4AA9-BECC-526EE872FE29/PUBLIC
	Autocommit mode: undefined/unknown
	Isolation level: READ_COMMITTED [default READ_COMMITTED]
	JDBC fetch size: 100
	Pool: DataSourceConnectionProvider
	Minimum pool size: undefined/unknown
	Maximum pool size: undefined/unknown
2026-05-22T20:11:42.436+08:00  INFO 20968 --- [  restartedMain] org.hibernate.orm.core                   : HHH000489: No JTA platform available (set 'hibernate.transaction.jta.platform' to enable JTA platform integration)
2026-05-22T20:11:42.444+08:00  INFO 20968 --- [  restartedMain] j.LocalContainerEntityManagerFactoryBean : Initialized JPA EntityManagerFactory for persistence unit 'default'
2026-05-22T20:11:42.537+08:00  INFO 20968 --- [  restartedMain] o.s.d.j.r.query.QueryEnhancerFactories   : Hibernate is in classpath; If applicable, HQL parser will be used.
2026-05-22T20:11:43.708+08:00  INFO 20968 --- [  restartedMain] o.s.b.a.e.web.EndpointLinksResolver      : Exposing 2 endpoints beneath base path '/actuator'
2026-05-22T20:11:43.816+08:00  INFO 20968 --- [  restartedMain] o.s.boot.tomcat.TomcatWebServer          : Tomcat started on port 8091 (http) with context path '/'
2026-05-22T20:11:43.827+08:00  INFO 20968 --- [  restartedMain] o.s.s.petclinic.PetClinicApplication     : Started PetClinicApplication in 6.477 seconds (process running for 7.182)
2026-05-22T20:11:44.110+08:00  INFO 20968 --- [nio-8091-exec-1] o.a.c.c.C.[Tomcat].[localhost].[/]       : Initializing Spring DispatcherServlet 'dispatcherServlet'
2026-05-22T20:11:44.111+08:00  INFO 20968 --- [nio-8091-exec-1] o.s.web.servlet.DispatcherServlet        : Initializing Servlet 'dispatcherServlet'
2026-05-22T20:11:44.113+08:00  INFO 20968 --- [nio-8091-exec-1] o.s.web.servlet.DispatcherServlet        : Completed initialization in 1 ms
